c:\users\jimmy\cppcode\datalabelproject-cpp\x64\release\vc143.pdb
c:\users\jimmy\cppcode\datalabelproject-cpp\x64\release\file.obj
c:\users\jimmy\cppcode\datalabelproject-cpp\x64\release\display.obj
c:\users\jimmy\cppcode\datalabelproject-cpp\x64\release\main.obj
c:\users\jimmy\cppcode\datalabelproject-cpp\x64\release\forestlabelerplus.ipdb
c:\users\jimmy\cppcode\datalabelproject-cpp\x64\release\forestlabelerplus.iobj
c:\users\jimmy\cppcode\datalabelproject-cpp\x64\release\forestlabelerplus.exe
c:\users\jimmy\cppcode\datalabelproject-cpp\x64\release\forestlabelerplus.pdb
c:\users\jimmy\cppcode\datalabelproject-cpp\x64\release\resources.res
c:\users\jimmy\cppcode\datalabelproject-cpp\x64\release\forestla.120f6e20.tlog\cl.command.1.tlog
c:\users\jimmy\cppcode\datalabelproject-cpp\x64\release\forestla.120f6e20.tlog\cl.items.tlog
c:\users\jimmy\cppcode\datalabelproject-cpp\x64\release\forestla.120f6e20.tlog\cl.read.1.tlog
c:\users\jimmy\cppcode\datalabelproject-cpp\x64\release\forestla.120f6e20.tlog\cl.write.1.tlog
c:\users\jimmy\cppcode\datalabelproject-cpp\x64\release\forestla.120f6e20.tlog\link.command.1.tlog
c:\users\jimmy\cppcode\datalabelproject-cpp\x64\release\forestla.120f6e20.tlog\link.read.1.tlog
c:\users\jimmy\cppcode\datalabelproject-cpp\x64\release\forestla.120f6e20.tlog\link.write.1.tlog
c:\users\jimmy\cppcode\datalabelproject-cpp\x64\release\forestla.120f6e20.tlog\link.write.2u.tlog
c:\users\jimmy\cppcode\datalabelproject-cpp\x64\release\forestla.120f6e20.tlog\rc.command.1.tlog
c:\users\jimmy\cppcode\datalabelproject-cpp\x64\release\forestla.120f6e20.tlog\rc.read.1.tlog
c:\users\jimmy\cppcode\datalabelproject-cpp\x64\release\forestla.120f6e20.tlog\rc.write.1.tlog
