  file.cpp
C:\Users\Jimmy\CppCode\DataLabelProject-Cpp\file.cpp(116,16): warning C4018: '<': signed/unsigned mismatch
C:\Users\Jimmy\CppCode\DataLabelProject-Cpp\file.cpp(118,72): warning C4244: 'argument': conversion from 'int' to '_Tp', possible loss of data
          with
          [
              _Tp=float
          ]
C:\Users\Jimmy\CppCode\DataLabelProject-Cpp\file.cpp(118,44): warning C4244: 'argument': conversion from 'int' to '_Tp', possible loss of data
          with
          [
              _Tp=float
          ]
C:\Users\Jimmy\CppCode\DataLabelProject-Cpp\file.cpp(126,60): warning C4267: 'argument': conversion from 'size_t' to 'int', possible loss of data
C:\Users\Jimmy\CppCode\DataLabelProject-Cpp\file.cpp(179,17): warning C4244: '=': conversion from '_Tp' to 'int', possible loss of data
          with
          [
              _Tp=float
          ]
C:\Users\Jimmy\CppCode\DataLabelProject-Cpp\file.cpp(185,17): warning C4244: '=': conversion from 'float' to 'int', possible loss of data
C:\Users\Jimmy\CppCode\DataLabelProject-Cpp\file.cpp(187,14): warning C4244: '=': conversion from 'int' to '_Tp', possible loss of data
          with
          [
              _Tp=float
          ]
C:\Users\Jimmy\CppCode\DataLabelProject-Cpp\file.cpp(188,14): warning C4244: '=': conversion from 'int' to '_Tp', possible loss of data
          with
          [
              _Tp=float
          ]
C:\Users\Jimmy\CppCode\DataLabelProject-Cpp\file.cpp(192,25): warning C4267: '=': conversion from 'size_t' to 'int', possible loss of data
C:\Users\Jimmy\CppCode\DataLabelProject-Cpp\file.cpp(193,31): warning C4267: '=': conversion from 'size_t' to 'int', possible loss of data
C:\Users\Jimmy\CppCode\DataLabelProject-Cpp\file.cpp(198,20): warning C4244: '=': conversion from 'float' to 'int', possible loss of data
C:\Users\Jimmy\CppCode\DataLabelProject-Cpp\file.cpp(200,22): warning C4244: '=': conversion from 'int' to '_Tp', possible loss of data
          with
          [
              _Tp=float
          ]
C:\Users\Jimmy\CppCode\DataLabelProject-Cpp\file.cpp(201,22): warning C4244: '=': conversion from 'int' to '_Tp', possible loss of data
          with
          [
              _Tp=float
          ]
C:\Users\Jimmy\CppCode\DataLabelProject-Cpp\file.cpp(207,20): warning C4244: '=': conversion from 'float' to 'int', possible loss of data
C:\Users\Jimmy\CppCode\DataLabelProject-Cpp\file.cpp(209,22): warning C4244: '=': conversion from 'int' to '_Tp', possible loss of data
          with
          [
              _Tp=float
          ]
C:\Users\Jimmy\CppCode\DataLabelProject-Cpp\file.cpp(210,22): warning C4244: '=': conversion from 'int' to '_Tp', possible loss of data
          with
          [
              _Tp=float
          ]
C:\Users\Jimmy\CppCode\DataLabelProject-Cpp\file.cpp(217,41): warning C4244: '=': conversion from 'float' to 'int', possible loss of data
C:\Users\Jimmy\CppCode\DataLabelProject-Cpp\file.cpp(218,41): warning C4244: '=': conversion from 'float' to 'int', possible loss of data
C:\Users\Jimmy\CppCode\DataLabelProject-Cpp\file.cpp(222,20): warning C4244: '=': conversion from 'float' to 'int', possible loss of data
C:\Users\Jimmy\CppCode\DataLabelProject-Cpp\file.cpp(223,20): warning C4244: '=': conversion from 'float' to 'int', possible loss of data
C:\Users\Jimmy\CppCode\DataLabelProject-Cpp\file.cpp(288,16): warning C4018: '<': signed/unsigned mismatch
C:\Users\Jimmy\CppCode\DataLabelProject-Cpp\file.cpp(290,72): warning C4244: 'argument': conversion from 'int' to '_Tp', possible loss of data
          with
          [
              _Tp=float
          ]
C:\Users\Jimmy\CppCode\DataLabelProject-Cpp\file.cpp(290,44): warning C4244: 'argument': conversion from 'int' to '_Tp', possible loss of data
          with
          [
              _Tp=float
          ]
C:\Users\Jimmy\CppCode\DataLabelProject-Cpp\file.cpp(298,18): warning C4244: '=': conversion from 'double' to 'float', possible loss of data
C:\Users\Jimmy\CppCode\DataLabelProject-Cpp\file.cpp(309,60): warning C4267: 'argument': conversion from 'size_t' to 'int', possible loss of data
C:\Users\Jimmy\CppCode\DataLabelProject-Cpp\file.cpp(357,25): warning C4267: '=': conversion from 'size_t' to 'int', possible loss of data
C:\Users\Jimmy\CppCode\DataLabelProject-Cpp\file.cpp(358,31): warning C4267: '=': conversion from 'size_t' to 'int', possible loss of data
C:\Users\Jimmy\CppCode\DataLabelProject-Cpp\file.cpp(364,20): warning C4244: '=': conversion from 'float' to 'int', possible loss of data
C:\Users\Jimmy\CppCode\DataLabelProject-Cpp\file.cpp(366,22): warning C4244: '=': conversion from 'int' to '_Tp', possible loss of data
          with
          [
              _Tp=float
          ]
C:\Users\Jimmy\CppCode\DataLabelProject-Cpp\file.cpp(367,22): warning C4244: '=': conversion from 'int' to '_Tp', possible loss of data
          with
          [
              _Tp=float
          ]
C:\Users\Jimmy\CppCode\DataLabelProject-Cpp\file.cpp(373,20): warning C4244: '=': conversion from 'float' to 'int', possible loss of data
C:\Users\Jimmy\CppCode\DataLabelProject-Cpp\file.cpp(375,22): warning C4244: '=': conversion from 'int' to '_Tp', possible loss of data
          with
          [
              _Tp=float
          ]
C:\Users\Jimmy\CppCode\DataLabelProject-Cpp\file.cpp(376,22): warning C4244: '=': conversion from 'int' to '_Tp', possible loss of data
          with
          [
              _Tp=float
          ]
C:\Users\Jimmy\CppCode\DataLabelProject-Cpp\file.cpp(398,12): warning C4018: '>=': signed/unsigned mismatch
C:\Users\Jimmy\CppCode\DataLabelProject-Cpp\file.cpp(400,42): warning C4244: '=': conversion from 'float' to 'int', possible loss of data
C:\Users\Jimmy\CppCode\DataLabelProject-Cpp\file.cpp(401,42): warning C4244: '=': conversion from 'float' to 'int', possible loss of data
C:\Users\Jimmy\CppCode\DataLabelProject-Cpp\file.cpp(403,15): warning C4018: '>=': signed/unsigned mismatch
C:\Users\Jimmy\CppCode\DataLabelProject-Cpp\file.cpp(410,43): warning C4244: '=': conversion from 'float' to 'int', possible loss of data
C:\Users\Jimmy\CppCode\DataLabelProject-Cpp\file.cpp(414,43): warning C4244: '=': conversion from 'float' to 'int', possible loss of data
C:\Users\Jimmy\CppCode\DataLabelProject-Cpp\file.cpp(415,43): warning C4244: '=': conversion from 'float' to 'int', possible loss of data
C:\Users\Jimmy\CppCode\DataLabelProject-Cpp\file.cpp(419,20): warning C4244: '=': conversion from 'float' to 'int', possible loss of data
C:\Users\Jimmy\CppCode\DataLabelProject-Cpp\file.cpp(420,20): warning C4244: '=': conversion from 'float' to 'int', possible loss of data
C:\Users\Jimmy\CppCode\DataLabelProject-Cpp\file.cpp(253,6): warning C4101: 'Xmax': unreferenced local variable
  main.cpp
C:\Users\Jimmy\CppCode\DataLabelProject-Cpp\main.cpp(95,11): warning C4244: 'return': conversion from 'WPARAM' to 'int', possible loss of data
C:\Users\Jimmy\CppCode\DataLabelProject-Cpp\main.cpp(138,24): warning C4267: '=': conversion from 'size_t' to 'int', possible loss of data
C:\Users\Jimmy\CppCode\DataLabelProject-Cpp\main.cpp(428,61): warning C4267: 'argument': conversion from 'size_t' to 'int', possible loss of data
  Generating code
  52 of 485 functions (10.7%) were compiled, the rest were copied from previous compilation.
    1 functions were new in current compilation
    22 functions had inline decision re-evaluated but remain unchanged
  Finished generating code
  StepView.vcxproj -> C:\Users\Jimmy\CppCode\DataLabelProject-Cpp\x64\Release\ForestLabelerPlus.exe
