c:\users\jimmy\cppcode\opencv-cpp\opencvtutorials\x64\release\vc143.pdb
c:\users\jimmy\cppcode\opencv-cpp\opencvtutorials\x64\release\chapter1.obj
c:\users\jimmy\cppcode\opencv-cpp\opencvtutorials\x64\release\chapter2.obj
c:\users\jimmy\cppcode\opencv-cpp\opencvtutorials\x64\release\chapter5.obj
c:\users\jimmy\cppcode\opencv-cpp\opencvtutorials\x64\release\denseopticalflowex.obj
c:\users\jimmy\cppcode\opencv-cpp\opencvtutorials\x64\release\sparseopticalflowex.obj
c:\users\jimmy\cppcode\opencv-cpp\opencvtutorials\x64\release\opencvtutorials.exe
c:\users\jimmy\cppcode\opencv-cpp\opencvtutorials\x64\release\opencvtutorials.pdb
c:\users\jimmy\cppcode\opencv-cpp\opencvtutorials\x64\release\opencvtutorials.ipdb
c:\users\jimmy\cppcode\opencv-cpp\opencvtutorials\x64\release\opencvtutorials.iobj
c:\users\jimmy\cppcode\opencv-cpp\opencvtutorials\x64\release\chapter4.obj
c:\users\jimmy\cppcode\opencv-cpp\opencvtutorials\x64\release\opticalflowex.obj
c:\users\jimmy\cppcode\opencv-cpp\opencvtutorials\x64\release\source.obj
c:\users\jimmy\cppcode\opencv-cpp\opencvtutorials\x64\release\opencvtutorials.tlog\cl.command.1.tlog
c:\users\jimmy\cppcode\opencv-cpp\opencvtutorials\x64\release\opencvtutorials.tlog\cl.read.1.tlog
c:\users\jimmy\cppcode\opencv-cpp\opencvtutorials\x64\release\opencvtutorials.tlog\cl.write.1.tlog
c:\users\jimmy\cppcode\opencv-cpp\opencvtutorials\x64\release\opencvtutorials.tlog\link.command.1.tlog
c:\users\jimmy\cppcode\opencv-cpp\opencvtutorials\x64\release\opencvtutorials.tlog\link.read.1.tlog
c:\users\jimmy\cppcode\opencv-cpp\opencvtutorials\x64\release\opencvtutorials.tlog\link.write.1.tlog
c:\users\jimmy\cppcode\opencv-cpp\opencvtutorials\x64\release\opencvtutorials.tlog\opencvtutorials.write.1u.tlog
